<?xml version="1.0" encoding="UTF-8"?>
<!-- Generated by org.testng.reporters.JUnitXMLReporter -->
<testsuite ignored="0" hostname="DESKTOP-JKDSCPI" failures="3" tests="5" name="bankingapp test" time="265.71" errors="0" timestamp="11 Apr 2021 18:03:29 GMT">
  <testcase classname="com.ebankingtest.TC_LoginDDT_002" name="loginDDT" time="38.839"/>
  <testcase classname="com.ebankingtest.TC_LoginDDT_002" name="loginDDT" time="11.098">
    <failure type="java.lang.AssertionError" message="expected [true] but found [false]">
      <![CDATA[java.lang.AssertionError: expected [true] but found [false]
at com.ebankingtest.TC_LoginDDT_002.loginDDT(TC_LoginDDT_002.java:35)
... Removed 29 stack frames]]>
    </failure>
  </testcase> <!-- loginDDT -->
  <testcase classname="com.ebankingtest.TC_LoginDDT_002" name="loginDDT" time="9.102">
    <failure type="java.lang.AssertionError" message="expected [true] but found [false]">
      <![CDATA[java.lang.AssertionError: expected [true] but found [false]
at com.ebankingtest.TC_LoginDDT_002.loginDDT(TC_LoginDDT_002.java:35)
... Removed 29 stack frames]]>
    </failure>
  </testcase> <!-- loginDDT -->
  <testcase classname="com.ebankingtest.TC_LoginDDT_002" name="loginDDT" time="33.136"/>
  <testcase classname="com.ebankingtest.TC_LoginDDT_002" name="loginDDT" time="8.255">
    <failure type="java.lang.AssertionError" message="expected [true] but found [false]">
      <![CDATA[java.lang.AssertionError: expected [true] but found [false]
at com.ebankingtest.TC_LoginDDT_002.loginDDT(TC_LoginDDT_002.java:35)
... Removed 29 stack frames]]>
    </failure>
  </testcase> <!-- loginDDT -->
</testsuite> <!-- bankingapp test -->
