<?xml version="1.0" encoding="UTF-8"?>
<testng-results ignored="0" total="1" passed="1" failed="0" skipped="0">
  <reporter-output>
  </reporter-output>
  <suite started-at="2021-04-12T20:33:24Z" name="ebankingV1" finished-at="2021-04-12T20:34:42Z" duration-ms="77166">
    <groups>
    </groups>
    <test started-at="2021-04-12T20:33:24Z" name="bankingapp test" finished-at="2021-04-12T20:34:42Z" duration-ms="77166">
      <class name="com.ebankingtest.TC_LoginTest_001">
        <test-method is-config="true" signature="setup(java.lang.String)[pri:0, instance:com.ebankingtest.TC_LoginTest_001@35cabb2a]" started-at="2021-04-12T20:33:26Z" name="setup" finished-at="2021-04-12T20:34:27Z" duration-ms="61523" status="PASS">
          <params>
            <param index="0">
              <value>
                <![CDATA[chrome]]>
              </value>
            </param>
          </params>
          <reporter-output>
          </reporter-output>
        </test-method> <!-- setup -->
        <test-method signature="loginTest()[pri:0, instance:com.ebankingtest.TC_LoginTest_001@35cabb2a]" started-at="2021-04-12T20:34:27Z" name="loginTest" finished-at="2021-04-12T20:34:40Z" duration-ms="12773" status="PASS">
          <reporter-output>
          </reporter-output>
        </test-method> <!-- loginTest -->
        <test-method is-config="true" signature="tearDown()[pri:0, instance:com.ebankingtest.TC_LoginTest_001@35cabb2a]" started-at="2021-04-12T20:34:40Z" name="tearDown" finished-at="2021-04-12T20:34:42Z" duration-ms="1357" status="PASS">
          <reporter-output>
          </reporter-output>
        </test-method> <!-- tearDown -->
      </class> <!-- com.ebankingtest.TC_LoginTest_001 -->
    </test> <!-- bankingapp test -->
  </suite> <!-- ebankingV1 -->
</testng-results>
